<?xml version="1.0" encoding="UTF-8"?>
<!-- Generated by org.testng.reporters.JUnitReportReporter -->
<testsuite hostname="SriniRepala" failures="0" tests="4" name="com.absa.test.DogBreedApiTest" time="4.681" errors="0" timestamp="2023-10-20T17:31:36 SAST" skipped="0">
  <testcase classname="com.absa.test.DogBreedApiTest" name="getRandomImgOrLinkForGolden" time="2.561"/>
  <testcase classname="com.absa.test.DogBreedApiTest" name="getSubBreedListFromRetriver" time="0.620"/>
  <testcase classname="com.absa.test.DogBreedApiTest" name="verifyRetriverInResponsePayload" time="0.640"/>
  <testcase classname="com.absa.test.DogBreedApiTest" name="getListOfAllDogBreed" time="0.860"/>
</testsuite> <!-- com.absa.test.DogBreedApiTest -->
