<?xml version="1.0" encoding="UTF-8"?>
<!-- Generated by org.testng.reporters.JUnitReportReporter -->
<testsuite hostname="SriniRepala" failures="0" tests="2" name="com.absa.test.AddUserTest" time="14.450" errors="0" timestamp="2023-10-20T17:31:36 SAST" skipped="0">
  <testcase classname="com.absa.test.AddUserTest" name="newAddUser1" time="7.980"/>
  <testcase classname="com.absa.test.AddUserTest" name="newAddUser1" time="6.470"/>
</testsuite> <!-- com.absa.test.AddUserTest -->
